Determining if the pthread_create exist failed with the following output:
Change Dir: /org/share/home/students/haentsch/dev/depthmatch/build/CMakeFiles/CMakeTmp

Run Build Command:"/usr/bin/make" "cmTryCompileExec969295344/fast"
/usr/bin/make -f CMakeFiles/cmTryCompileExec969295344.dir/build.make CMakeFiles/cmTryCompileExec969295344.dir/build
make[1]: Entering directory `/org/share/home/students/haentsch/dev/depthmatch/build/CMakeFiles/CMakeTmp'
/usr/bin/cmake -E cmake_progress_report /org/share/home/students/haentsch/dev/depthmatch/build/CMakeFiles/CMakeTmp/CMakeFiles 1
Building C object CMakeFiles/cmTryCompileExec969295344.dir/CheckSymbolExists.c.o
/usr/bin/cc    -o CMakeFiles/cmTryCompileExec969295344.dir/CheckSymbolExists.c.o   -c /org/share/home/students/haentsch/dev/depthmatch/build/CMakeFiles/CMakeTmp/CheckSymbolExists.c
Linking C executable cmTryCompileExec969295344
/usr/bin/cmake -E cmake_link_script CMakeFiles/cmTryCompileExec969295344.dir/link.txt --verbose=1
/usr/bin/cc       CMakeFiles/cmTryCompileExec969295344.dir/CheckSymbolExists.c.o  -o cmTryCompileExec969295344 -rdynamic 
CMakeFiles/cmTryCompileExec969295344.dir/CheckSymbolExists.c.o: In function `main':
CheckSymbolExists.c:(.text+0x16): undefined reference to `pthread_create'
collect2: error: ld returned 1 exit status
make[1]: *** [cmTryCompileExec969295344] Error 1
make[1]: Leaving directory `/org/share/home/students/haentsch/dev/depthmatch/build/CMakeFiles/CMakeTmp'
make: *** [cmTryCompileExec969295344/fast] Error 2

File /org/share/home/students/haentsch/dev/depthmatch/build/CMakeFiles/CMakeTmp/CheckSymbolExists.c:
/* */
#include <pthread.h>

int main(int argc, char** argv)
{
  (void)argv;
#ifndef pthread_create
  return ((int*)(&pthread_create))[argc];
#else
  (void)argc;
  return 0;
#endif
}

Determining if the function pthread_create exists in the pthreads failed with the following output:
Change Dir: /org/share/home/students/haentsch/dev/depthmatch/build/CMakeFiles/CMakeTmp

Run Build Command:"/usr/bin/make" "cmTryCompileExec2868533169/fast"
/usr/bin/make -f CMakeFiles/cmTryCompileExec2868533169.dir/build.make CMakeFiles/cmTryCompileExec2868533169.dir/build
make[1]: Entering directory `/org/share/home/students/haentsch/dev/depthmatch/build/CMakeFiles/CMakeTmp'
/usr/bin/cmake -E cmake_progress_report /org/share/home/students/haentsch/dev/depthmatch/build/CMakeFiles/CMakeTmp/CMakeFiles 1
Building C object CMakeFiles/cmTryCompileExec2868533169.dir/CheckFunctionExists.c.o
/usr/bin/cc   -DCHECK_FUNCTION_EXISTS=pthread_create   -o CMakeFiles/cmTryCompileExec2868533169.dir/CheckFunctionExists.c.o   -c /usr/share/cmake-3.2/Modules/CheckFunctionExists.c
Linking C executable cmTryCompileExec2868533169
/usr/bin/cmake -E cmake_link_script CMakeFiles/cmTryCompileExec2868533169.dir/link.txt --verbose=1
/usr/bin/cc   -DCHECK_FUNCTION_EXISTS=pthread_create    CMakeFiles/cmTryCompileExec2868533169.dir/CheckFunctionExists.c.o  -o cmTryCompileExec2868533169 -rdynamic -lpthreads 
/usr/bin/ld: cannot find -lpthreads
collect2: error: ld returned 1 exit status
make[1]: *** [cmTryCompileExec2868533169] Error 1
make[1]: Leaving directory `/org/share/home/students/haentsch/dev/depthmatch/build/CMakeFiles/CMakeTmp'
make: *** [cmTryCompileExec2868533169/fast] Error 2


